2023-08-21 13:31:30,916 - [INFO ] [main (App.java:81)] : Carregando configuracoes da aplicacao 
2023-08-21 13:31:30,950 - [INFO ] [main (AppConfiguration.java:139)] : Configuracao carregada
<userConfiguration>
    <usarServerTls>0</usarServerTls>
    <chaveEquipamento>C090E960FD9FF31CAC87</chaveEquipamento>
    <identificacaoEquipamento>NotebookDesenvolvimento</identificacaoEquipamento>
    <tipoAmbiente>2</tipoAmbiente>
    <atualizarAplicacaoAuto>1</atualizarAplicacaoAuto>
    <exibeNotificacoes>0</exibeNotificacoes>
    <exibeNotificacoesErros>0</exibeNotificacoesErros>
    <atualizarAutomaticamente>1</atualizarAutomaticamente>
    <assinaturaLocal>false</assinaturaLocal>
    <contingenciaAuto>1</contingenciaAuto>
    <contingenciaMotivoPadrao>Problema de Comunicação com a Sefaz</contingenciaMotivoPadrao>
    <contingenciaFusoHorario>-03:00</contingenciaFusoHorario>
    <contingenciaRetArquivoIndividual>0</contingenciaRetArquivoIndividual>
    <infoViaContingenciaLida>0</infoViaContingenciaLida>
    <imprimirUmaViaDeContingencia>0</imprimirUmaViaDeContingencia>
    <tpCaminhoBackupDocumentos>CAMD</tpCaminhoBackupDocumentos>
    <caminhoBackupDocumentos></caminhoBackupDocumentos>
    <caminhoDocumentosContingencia></caminhoDocumentosContingencia>
    <impressao>
        <modoDeImpressao>0</modoDeImpressao>
        <visualizarImpressao>0</visualizarImpressao>
        <impressoraPorta></impressoraPorta>
        <produtosLinhas>1</produtosLinhas>
        <imprimeDescProduto>0</imprimeDescProduto>
        <abreGaveta>0</abreGaveta>
        <salvarPDF>1</salvarPDF>
        <tamanhoPapel>80mm</tamanhoPapel>
        <formatoLayout>1</formatoLayout>
        <exibeMsgTimeoutImpressao>1</exibeMsgTimeoutImpressao>
    </impressao>
    <proxyServidor></proxyServidor>
    <proxyPorta></proxyPorta>
    <proxyUsuario></proxyUsuario>
    <proxySenha></proxySenha>
    <velocidadeInternet>2</velocidadeInternet>
    <esperaProcessamentoArquivoRemessas>0</esperaProcessamentoArquivoRemessas>
    <emissores>
        <emissor>
            <identificacao>TXT INFORMATICA LTDA</identificacao>
            <cnpj>28145398000173</cnpj>
            <CSCs>
                <codigo>
                    <id>000001</id>
                    <csc>337c66bdaaf2f08183968198bb839397</csc>
                    <tipoAmbiente>1</tipoAmbiente>
                </codigo>
                <codigo>
                    <id>000001</id>
                    <csc>337c66bdaaf2f08183968198bb839397</csc>
                    <tipoAmbiente>2</tipoAmbiente>
                </codigo>
            </CSCs>
        </emissor>
    </emissores>
    <log>
        <level>DEBUG</level>
        <maxFileSize>25MB</maxFileSize>
        <maxBackupFiles>10</maxBackupFiles>
    </log>
</userConfiguration> 
2023-08-22 10:19:55,907 - [INFO ] [main (App.java:81)] : Carregando configuracoes da aplicacao 
2023-08-22 10:19:55,938 - [INFO ] [main (AppConfiguration.java:139)] : Configuracao carregada
<userConfiguration>
    <usarServerTls>0</usarServerTls>
    <chaveEquipamento>C090E960FD9FF31CAC87</chaveEquipamento>
    <identificacaoEquipamento>NotebookDesenvolvimento</identificacaoEquipamento>
    <tipoAmbiente>2</tipoAmbiente>
    <atualizarAplicacaoAuto>1</atualizarAplicacaoAuto>
    <exibeNotificacoes>0</exibeNotificacoes>
    <exibeNotificacoesErros>0</exibeNotificacoesErros>
    <atualizarAutomaticamente>1</atualizarAutomaticamente>
    <assinaturaLocal>false</assinaturaLocal>
    <contingenciaAuto>1</contingenciaAuto>
    <contingenciaMotivoPadrao>Problema de Comunicação com a Sefaz</contingenciaMotivoPadrao>
    <contingenciaFusoHorario>-03:00</contingenciaFusoHorario>
    <contingenciaRetArquivoIndividual>0</contingenciaRetArquivoIndividual>
    <infoViaContingenciaLida>0</infoViaContingenciaLida>
    <imprimirUmaViaDeContingencia>0</imprimirUmaViaDeContingencia>
    <tpCaminhoBackupDocumentos>CAMD</tpCaminhoBackupDocumentos>
    <caminhoBackupDocumentos></caminhoBackupDocumentos>
    <caminhoDocumentosContingencia></caminhoDocumentosContingencia>
    <impressao>
        <modoDeImpressao>0</modoDeImpressao>
        <visualizarImpressao>0</visualizarImpressao>
        <impressoraPorta></impressoraPorta>
        <produtosLinhas>1</produtosLinhas>
        <imprimeDescProduto>0</imprimeDescProduto>
        <abreGaveta>0</abreGaveta>
        <salvarPDF>1</salvarPDF>
        <tamanhoPapel>80mm</tamanhoPapel>
        <formatoLayout>1</formatoLayout>
        <exibeMsgTimeoutImpressao>1</exibeMsgTimeoutImpressao>
    </impressao>
    <proxyServidor></proxyServidor>
    <proxyPorta></proxyPorta>
    <proxyUsuario></proxyUsuario>
    <proxySenha></proxySenha>
    <velocidadeInternet>2</velocidadeInternet>
    <esperaProcessamentoArquivoRemessas>0</esperaProcessamentoArquivoRemessas>
    <emissores>
        <emissor>
            <identificacao>TXT INFORMATICA LTDA</identificacao>
            <cnpj>28145398000173</cnpj>
            <CSCs>
                <codigo>
                    <id>000001</id>
                    <csc>337c66bdaaf2f08183968198bb839397</csc>
                    <tipoAmbiente>1</tipoAmbiente>
                </codigo>
                <codigo>
                    <id>000001</id>
                    <csc>337c66bdaaf2f08183968198bb839397</csc>
                    <tipoAmbiente>2</tipoAmbiente>
                </codigo>
            </CSCs>
        </emissor>
    </emissores>
    <log>
        <level>DEBUG</level>
        <maxFileSize>25MB</maxFileSize>
        <maxBackupFiles>10</maxBackupFiles>
    </log>
</userConfiguration> 
